<?xml version="1.0" encoding="UTF-8"?>
<!-- Generated by org.testng.reporters.JUnitReportReporter -->
<testsuite skipped="0" hostname="GYAN-LAB-PC8" name="com.facebook.testcases.TestCases" tests="1" failures="0" timestamp="23 May 2019 02:17:55 GMT" time="0.550" errors="0">
  <testcase name="method2" time="0.550" classname="com.facebook.testcases.TestCases"/>
</testsuite> <!-- com.facebook.testcases.TestCases -->
