<?xml version="1.0" encoding="UTF-8"?>
<!-- Generated by org.testng.reporters.JUnitReportReporter -->
<testsuite skipped="0" hostname="GYAN-LAB-PC8" name="com.facebook.testcases.TestCase_Demo" tests="1" failures="0" timestamp="22 May 2019 02:22:03 GMT" time="0.015" errors="0">
  <testcase name="add" time="0.015" classname="com.facebook.testcases.TestCase_Demo"/>
</testsuite> <!-- com.facebook.testcases.TestCase_Demo -->
